2018-12-20 16:51:38,913 [main] INFO  [o.s.c.a.AnnotationConfigApplicationContext] AbstractApplicationContext.java:583 - Refreshing org.springframework.context.annotation.AnnotationConfigApplicationContext@75db5df9: startup date [Thu Dec 20 16:51:38 GMT+08:00 2018]; root of context hierarchy
2018-12-20 16:51:39,113 [background-preinit] INFO  [org.hibernate.validator.internal.util.Version] Version.java:30 - HV000001: Hibernate Validator 5.3.6.Final
2018-12-20 16:51:39,156 [main] INFO  [o.s.b.f.a.AutowiredAnnotationBeanPostProcessor] AutowiredAnnotationBeanPostProcessor.java:155 - JSR-330 'javax.inject.Inject' annotation found and supported for autowiring
2018-12-20 16:51:39,206 [main] INFO  [o.s.c.s.PostProcessorRegistrationDelegate$BeanPostProcessorChecker] PostProcessorRegistrationDelegate.java:327 - Bean 'configurationPropertiesRebinderAutoConfiguration' of type [org.springframework.cloud.autoconfigure.ConfigurationPropertiesRebinderAutoConfiguration$$EnhancerBySpringCGLIB$$88fb1f6e] is not eligible for getting processed by all BeanPostProcessors (for example: not eligible for auto-proxying)
2018-12-20 16:51:40,441 [main] ERROR [org.springframework.boot.SpringApplication] SpringApplication.java:771 - Application startup failed
java.lang.IllegalStateException: Failed to load property source from location 'classpath:/application.yml'
	at org.springframework.boot.context.config.ConfigFileApplicationListener$Loader.loadIntoGroup(ConfigFileApplicationListener.java:476)
	at org.springframework.boot.context.config.ConfigFileApplicationListener$Loader.load(ConfigFileApplicationListener.java:465)
	at org.springframework.boot.context.config.ConfigFileApplicationListener$Loader.load(ConfigFileApplicationListener.java:386)
	at org.springframework.boot.context.config.ConfigFileApplicationListener.addPropertySources(ConfigFileApplicationListener.java:225)
	at org.springframework.boot.context.config.ConfigFileApplicationListener.postProcessEnvironment(ConfigFileApplicationListener.java:195)
	at org.springframework.boot.context.config.ConfigFileApplicationListener.onApplicationEnvironmentPreparedEvent(ConfigFileApplicationListener.java:182)
	at org.springframework.boot.context.config.ConfigFileApplicationListener.onApplicationEvent(ConfigFileApplicationListener.java:168)
	at org.springframework.context.event.SimpleApplicationEventMulticaster.doInvokeListener(SimpleApplicationEventMulticaster.java:172)
	at org.springframework.context.event.SimpleApplicationEventMulticaster.invokeListener(SimpleApplicationEventMulticaster.java:165)
	at org.springframework.context.event.SimpleApplicationEventMulticaster.multicastEvent(SimpleApplicationEventMulticaster.java:139)
	at org.springframework.context.event.SimpleApplicationEventMulticaster.multicastEvent(SimpleApplicationEventMulticaster.java:122)
	at org.springframework.boot.context.event.EventPublishingRunListener.environmentPrepared(EventPublishingRunListener.java:74)
	at org.springframework.boot.SpringApplicationRunListeners.environmentPrepared(SpringApplicationRunListeners.java:54)
	at org.springframework.boot.SpringApplication.prepareEnvironment(SpringApplication.java:325)
	at org.springframework.boot.SpringApplication.run(SpringApplication.java:296)
	at org.springframework.boot.SpringApplication.run(SpringApplication.java:1118)
	at org.springframework.boot.SpringApplication.run(SpringApplication.java:1107)
	at com.github.niu.eurake.EurekaServiceApplication.main(EurekaServiceApplication.java:16)
Caused by: org.yaml.snakeyaml.reader.ReaderException: special characters are not allowed
	at org.yaml.snakeyaml.reader.StreamReader.checkPrintable(StreamReader.java:93)
	at org.yaml.snakeyaml.reader.StreamReader.update(StreamReader.java:192)
	at org.yaml.snakeyaml.reader.StreamReader.<init>(StreamReader.java:60)
	at org.yaml.snakeyaml.Yaml.loadAll(Yaml.java:463)
	at org.springframework.beans.factory.config.YamlProcessor.process(YamlProcessor.java:157)
	at org.springframework.beans.factory.config.YamlProcessor.process(YamlProcessor.java:135)
	at org.springframework.boot.env.YamlPropertySourceLoader$Processor.process(YamlPropertySourceLoader.java:101)
	at org.springframework.boot.env.YamlPropertySourceLoader.load(YamlPropertySourceLoader.java:58)
	at org.springframework.boot.env.PropertySourcesLoader.load(PropertySourcesLoader.java:128)
	at org.springframework.boot.context.config.ConfigFileApplicationListener$Loader.doLoadIntoGroup(ConfigFileApplicationListener.java:490)
	at org.springframework.boot.context.config.ConfigFileApplicationListener$Loader.loadIntoGroup(ConfigFileApplicationListener.java:473)
	... 17 common frames omitted
2018-12-20 16:53:23,032 [main] INFO  [o.s.c.a.AnnotationConfigApplicationContext] AbstractApplicationContext.java:583 - Refreshing org.springframework.context.annotation.AnnotationConfigApplicationContext@75db5df9: startup date [Thu Dec 20 16:53:23 GMT+08:00 2018]; root of context hierarchy
2018-12-20 16:53:23,185 [background-preinit] INFO  [org.hibernate.validator.internal.util.Version] Version.java:30 - HV000001: Hibernate Validator 5.3.6.Final
2018-12-20 16:53:23,248 [main] INFO  [o.s.b.f.a.AutowiredAnnotationBeanPostProcessor] AutowiredAnnotationBeanPostProcessor.java:155 - JSR-330 'javax.inject.Inject' annotation found and supported for autowiring
2018-12-20 16:53:23,286 [main] INFO  [o.s.c.s.PostProcessorRegistrationDelegate$BeanPostProcessorChecker] PostProcessorRegistrationDelegate.java:327 - Bean 'configurationPropertiesRebinderAutoConfiguration' of type [org.springframework.cloud.autoconfigure.ConfigurationPropertiesRebinderAutoConfiguration$$EnhancerBySpringCGLIB$$88fb1f6e] is not eligible for getting processed by all BeanPostProcessors (for example: not eligible for auto-proxying)
2018-12-20 16:53:24,484 [main] ERROR [org.springframework.boot.SpringApplication] SpringApplication.java:771 - Application startup failed
java.lang.IllegalStateException: Failed to load property source from location 'classpath:/application.yml'
	at org.springframework.boot.context.config.ConfigFileApplicationListener$Loader.loadIntoGroup(ConfigFileApplicationListener.java:476)
	at org.springframework.boot.context.config.ConfigFileApplicationListener$Loader.load(ConfigFileApplicationListener.java:465)
	at org.springframework.boot.context.config.ConfigFileApplicationListener$Loader.load(ConfigFileApplicationListener.java:386)
	at org.springframework.boot.context.config.ConfigFileApplicationListener.addPropertySources(ConfigFileApplicationListener.java:225)
	at org.springframework.boot.context.config.ConfigFileApplicationListener.postProcessEnvironment(ConfigFileApplicationListener.java:195)
	at org.springframework.boot.context.config.ConfigFileApplicationListener.onApplicationEnvironmentPreparedEvent(ConfigFileApplicationListener.java:182)
	at org.springframework.boot.context.config.ConfigFileApplicationListener.onApplicationEvent(ConfigFileApplicationListener.java:168)
	at org.springframework.context.event.SimpleApplicationEventMulticaster.doInvokeListener(SimpleApplicationEventMulticaster.java:172)
	at org.springframework.context.event.SimpleApplicationEventMulticaster.invokeListener(SimpleApplicationEventMulticaster.java:165)
	at org.springframework.context.event.SimpleApplicationEventMulticaster.multicastEvent(SimpleApplicationEventMulticaster.java:139)
	at org.springframework.context.event.SimpleApplicationEventMulticaster.multicastEvent(SimpleApplicationEventMulticaster.java:122)
	at org.springframework.boot.context.event.EventPublishingRunListener.environmentPrepared(EventPublishingRunListener.java:74)
	at org.springframework.boot.SpringApplicationRunListeners.environmentPrepared(SpringApplicationRunListeners.java:54)
	at org.springframework.boot.SpringApplication.prepareEnvironment(SpringApplication.java:325)
	at org.springframework.boot.SpringApplication.run(SpringApplication.java:296)
	at org.springframework.boot.SpringApplication.run(SpringApplication.java:1118)
	at org.springframework.boot.SpringApplication.run(SpringApplication.java:1107)
	at com.github.niu.eurake.EurekaServiceApplication.main(EurekaServiceApplication.java:16)
Caused by: org.yaml.snakeyaml.reader.ReaderException: special characters are not allowed
	at org.yaml.snakeyaml.reader.StreamReader.checkPrintable(StreamReader.java:93)
	at org.yaml.snakeyaml.reader.StreamReader.update(StreamReader.java:192)
	at org.yaml.snakeyaml.reader.StreamReader.<init>(StreamReader.java:60)
	at org.yaml.snakeyaml.Yaml.loadAll(Yaml.java:463)
	at org.springframework.beans.factory.config.YamlProcessor.process(YamlProcessor.java:157)
	at org.springframework.beans.factory.config.YamlProcessor.process(YamlProcessor.java:135)
	at org.springframework.boot.env.YamlPropertySourceLoader$Processor.process(YamlPropertySourceLoader.java:101)
	at org.springframework.boot.env.YamlPropertySourceLoader.load(YamlPropertySourceLoader.java:58)
	at org.springframework.boot.env.PropertySourcesLoader.load(PropertySourcesLoader.java:128)
	at org.springframework.boot.context.config.ConfigFileApplicationListener$Loader.doLoadIntoGroup(ConfigFileApplicationListener.java:490)
	at org.springframework.boot.context.config.ConfigFileApplicationListener$Loader.loadIntoGroup(ConfigFileApplicationListener.java:473)
	... 17 common frames omitted
2018-12-20 16:54:55,581 [main] INFO  [o.s.c.a.AnnotationConfigApplicationContext] AbstractApplicationContext.java:583 - Refreshing org.springframework.context.annotation.AnnotationConfigApplicationContext@75db5df9: startup date [Thu Dec 20 16:54:55 GMT+08:00 2018]; root of context hierarchy
2018-12-20 16:54:55,739 [background-preinit] INFO  [org.hibernate.validator.internal.util.Version] Version.java:30 - HV000001: Hibernate Validator 5.3.6.Final
2018-12-20 16:54:55,827 [main] INFO  [o.s.b.f.a.AutowiredAnnotationBeanPostProcessor] AutowiredAnnotationBeanPostProcessor.java:155 - JSR-330 'javax.inject.Inject' annotation found and supported for autowiring
2018-12-20 16:54:55,860 [main] INFO  [o.s.c.s.PostProcessorRegistrationDelegate$BeanPostProcessorChecker] PostProcessorRegistrationDelegate.java:327 - Bean 'configurationPropertiesRebinderAutoConfiguration' of type [org.springframework.cloud.autoconfigure.ConfigurationPropertiesRebinderAutoConfiguration$$EnhancerBySpringCGLIB$$88fb1f6e] is not eligible for getting processed by all BeanPostProcessors (for example: not eligible for auto-proxying)
2018-12-20 17:02:59,508 [main] INFO  [o.s.c.a.AnnotationConfigApplicationContext] AbstractApplicationContext.java:583 - Refreshing org.springframework.context.annotation.AnnotationConfigApplicationContext@75db5df9: startup date [Thu Dec 20 17:02:59 GMT+08:00 2018]; root of context hierarchy
2018-12-20 17:02:59,707 [background-preinit] INFO  [org.hibernate.validator.internal.util.Version] Version.java:30 - HV000001: Hibernate Validator 5.3.6.Final
2018-12-20 17:02:59,779 [main] INFO  [o.s.b.f.a.AutowiredAnnotationBeanPostProcessor] AutowiredAnnotationBeanPostProcessor.java:155 - JSR-330 'javax.inject.Inject' annotation found and supported for autowiring
2018-12-20 17:02:59,830 [main] INFO  [o.s.c.s.PostProcessorRegistrationDelegate$BeanPostProcessorChecker] PostProcessorRegistrationDelegate.java:327 - Bean 'configurationPropertiesRebinderAutoConfiguration' of type [org.springframework.cloud.autoconfigure.ConfigurationPropertiesRebinderAutoConfiguration$$EnhancerBySpringCGLIB$$88fb1f6e] is not eligible for getting processed by all BeanPostProcessors (for example: not eligible for auto-proxying)
2018-12-20 17:05:49,605 [main] INFO  [o.s.c.a.AnnotationConfigApplicationContext] AbstractApplicationContext.java:583 - Refreshing org.springframework.context.annotation.AnnotationConfigApplicationContext@2aceadd4: startup date [Thu Dec 20 17:05:49 GMT+08:00 2018]; root of context hierarchy
2018-12-20 17:05:49,760 [background-preinit] INFO  [org.hibernate.validator.internal.util.Version] Version.java:30 - HV000001: Hibernate Validator 5.3.6.Final
2018-12-20 17:05:49,824 [main] INFO  [o.s.b.f.a.AutowiredAnnotationBeanPostProcessor] AutowiredAnnotationBeanPostProcessor.java:155 - JSR-330 'javax.inject.Inject' annotation found and supported for autowiring
2018-12-20 17:05:49,871 [main] INFO  [o.s.c.s.PostProcessorRegistrationDelegate$BeanPostProcessorChecker] PostProcessorRegistrationDelegate.java:327 - Bean 'configurationPropertiesRebinderAutoConfiguration' of type [org.springframework.cloud.autoconfigure.ConfigurationPropertiesRebinderAutoConfiguration$$EnhancerBySpringCGLIB$$f5cd0890] is not eligible for getting processed by all BeanPostProcessors (for example: not eligible for auto-proxying)
2018-12-20 17:07:55,740 [main] INFO  [o.s.c.a.AnnotationConfigApplicationContext] AbstractApplicationContext.java:583 - Refreshing org.springframework.context.annotation.AnnotationConfigApplicationContext@5bda8e08: startup date [Thu Dec 20 17:07:55 GMT+08:00 2018]; root of context hierarchy
2018-12-20 17:07:55,890 [background-preinit] INFO  [org.hibernate.validator.internal.util.Version] Version.java:30 - HV000001: Hibernate Validator 5.3.6.Final
2018-12-20 17:07:55,972 [main] INFO  [o.s.b.f.a.AutowiredAnnotationBeanPostProcessor] AutowiredAnnotationBeanPostProcessor.java:155 - JSR-330 'javax.inject.Inject' annotation found and supported for autowiring
2018-12-20 17:07:56,008 [main] INFO  [o.s.c.s.PostProcessorRegistrationDelegate$BeanPostProcessorChecker] PostProcessorRegistrationDelegate.java:327 - Bean 'configurationPropertiesRebinderAutoConfiguration' of type [org.springframework.cloud.autoconfigure.ConfigurationPropertiesRebinderAutoConfiguration$$EnhancerBySpringCGLIB$$e5f55f70] is not eligible for getting processed by all BeanPostProcessors (for example: not eligible for auto-proxying)
2018-12-20 17:12:06,993 [main] INFO  [o.s.c.a.AnnotationConfigApplicationContext] AbstractApplicationContext.java:583 - Refreshing org.springframework.context.annotation.AnnotationConfigApplicationContext@23348b5d: startup date [Thu Dec 20 17:12:06 GMT+08:00 2018]; root of context hierarchy
2018-12-20 17:12:07,173 [background-preinit] INFO  [org.hibernate.validator.internal.util.Version] Version.java:30 - HV000001: Hibernate Validator 5.3.6.Final
2018-12-20 17:12:07,199 [main] INFO  [o.s.b.f.a.AutowiredAnnotationBeanPostProcessor] AutowiredAnnotationBeanPostProcessor.java:155 - JSR-330 'javax.inject.Inject' annotation found and supported for autowiring
2018-12-20 17:12:07,239 [main] INFO  [o.s.c.s.PostProcessorRegistrationDelegate$BeanPostProcessorChecker] PostProcessorRegistrationDelegate.java:327 - Bean 'configurationPropertiesRebinderAutoConfiguration' of type [org.springframework.cloud.autoconfigure.ConfigurationPropertiesRebinderAutoConfiguration$$EnhancerBySpringCGLIB$$4323a488] is not eligible for getting processed by all BeanPostProcessors (for example: not eligible for auto-proxying)
2018-12-20 18:25:40,223 [main] INFO  [o.s.c.a.AnnotationConfigApplicationContext] AbstractApplicationContext.java:583 - Refreshing org.springframework.context.annotation.AnnotationConfigApplicationContext@4009e306: startup date [Thu Dec 20 18:25:40 GMT+08:00 2018]; root of context hierarchy
2018-12-20 18:25:40,499 [background-preinit] INFO  [org.hibernate.validator.internal.util.Version] Version.java:30 - HV000001: Hibernate Validator 5.3.6.Final
2018-12-20 18:25:40,639 [main] INFO  [o.s.b.f.a.AutowiredAnnotationBeanPostProcessor] AutowiredAnnotationBeanPostProcessor.java:155 - JSR-330 'javax.inject.Inject' annotation found and supported for autowiring
2018-12-20 18:25:40,708 [main] INFO  [o.s.c.s.PostProcessorRegistrationDelegate$BeanPostProcessorChecker] PostProcessorRegistrationDelegate.java:327 - Bean 'configurationPropertiesRebinderAutoConfiguration' of type [org.springframework.cloud.autoconfigure.ConfigurationPropertiesRebinderAutoConfiguration$$EnhancerBySpringCGLIB$$cc1ef749] is not eligible for getting processed by all BeanPostProcessors (for example: not eligible for auto-proxying)
2018-12-20 18:26:44,063 [main] INFO  [o.s.c.a.AnnotationConfigApplicationContext] AbstractApplicationContext.java:583 - Refreshing org.springframework.context.annotation.AnnotationConfigApplicationContext@4009e306: startup date [Thu Dec 20 18:26:44 GMT+08:00 2018]; root of context hierarchy
2018-12-20 18:26:44,239 [background-preinit] INFO  [org.hibernate.validator.internal.util.Version] Version.java:30 - HV000001: Hibernate Validator 5.3.6.Final
2018-12-20 18:26:44,284 [main] INFO  [o.s.b.f.a.AutowiredAnnotationBeanPostProcessor] AutowiredAnnotationBeanPostProcessor.java:155 - JSR-330 'javax.inject.Inject' annotation found and supported for autowiring
2018-12-20 18:26:44,321 [main] INFO  [o.s.c.s.PostProcessorRegistrationDelegate$BeanPostProcessorChecker] PostProcessorRegistrationDelegate.java:327 - Bean 'configurationPropertiesRebinderAutoConfiguration' of type [org.springframework.cloud.autoconfigure.ConfigurationPropertiesRebinderAutoConfiguration$$EnhancerBySpringCGLIB$$cc1ef749] is not eligible for getting processed by all BeanPostProcessors (for example: not eligible for auto-proxying)
